<?xml version="1.0" encoding="UTF-8"?>
<!-- Generated by org.testng.reporters.JUnitXMLReporter -->
<testsuite ignored="0" hostname="LAPTOP-G2QBD1PV" failures="0" tests="7" name=" Create Booking Test - Apply Discount instant pay" time="0.037" errors="0" timestamp="2021-11-11T17:58:28 IST">
  <testcase classname="testcases.BookingSearch" name="searchHotel" time="0.003"/>
  <testcase classname="testcases.BookingSearch" name="selectHotel" time="0.002"/>
  <testcase classname="testcases.BookingSearch" name="enterGuestInfo" time="0.003"/>
  <testcase classname="testcases.PaymentManager" name="applyDiscount" time="0.002"/>
  <testcase classname="testcases.PaymentManager" name="makePayment" time="0.002"/>
  <testcase classname="testcases.CostomerCommunications" name="checkMail" time="0.002"/>
  <testcase classname="testcases.CostomerCommunications" name="checkMobile" time="0.002"/>
</testsuite> <!--  Create Booking Test - Apply Discount instant pay -->
