<?xml version="1.0" encoding="UTF-8"?>
<!-- Generated by org.testng.reporters.JUnitXMLReporter -->
<testsuite ignored="0" hostname="LAPTOP-G2QBD1PV" failures="0" tests="5" name="Create Booking Test - Apply Discount -- pay at hotel" time="0.092" errors="0" timestamp="2021-11-03T22:41:36 IST">
  <testcase classname="testcases.BookingSearch" name="searchHotel" time="0.008"/>
  <testcase classname="testcases.BookingSearch" name="selectHotel" time="0.001"/>
  <testcase classname="testcases.BookingSearch" name="enterGuestInfo" time="0.0"/>
  <testcase classname="testcases.PaymentManager" name="applyDiscount" time="0.0"/>
  <testcase classname="testcases.PaymentManager" name="makePayment" time="0.0"/>
</testsuite> <!-- Create Booking Test - Apply Discount - pay at hotel -->
