<?xml version="1.0" encoding="UTF-8"?>
<!-- Generated by org.testng.reporters.JUnitXMLReporter -->
<testsuite ignored="1" hostname="LAPTOP-G2QBD1PV" failures="0" tests="6" name="Test" time="0.12" errors="0" timestamp="2021-10-29T11:44:15 IST">
  <testcase classname="testcases.BookingSearch" name="searchHotel" time="0.014"/>
  <testcase classname="testcases.BookingSearch" name="selectHotel" time="0.002"/>
  <testcase classname="testcases.BookingSearch" name="enterGuestInfo" time="0.002"/>
  <testcase classname="testcases.PaymentManager" name="applyDiscount" time="0.003"/>
  <testcase classname="testcases.PaymentManager" name="makePayment" time="0.002"/>
  <testcase classname="testcases.CostomerCommunications" name="checkMobile" time="0.002"/>
  <testcase classname="testcases.CostomerCommunications" name="checkMail" time="0.0">
    <ignored/>
  </testcase> <!-- checkMail -->
</testsuite> <!-- Test -->
