<?xml version="1.0" encoding="UTF-8"?>
<testng-results ignored="0" total="14" passed="14" failed="0" skipped="0">
  <reporter-output>
  </reporter-output>
  <suite started-at="2021-11-11T17:58:28 IST" name="Booking Suite" finished-at="2021-11-11T17:58:28 IST" duration-ms="381">
    <groups>
    </groups>
    <test started-at="2021-11-11T17:58:28 IST" name=" Create Booking Test - Apply Discount -- pay at hotel" finished-at="2021-11-11T17:58:28 IST" duration-ms="146">
      <class name="testcases.PaymentManager">
        <test-method signature="applyDiscount()[pri:0, instance:testcases.PaymentManager@625732]" started-at="2021-11-11T17:58:28 IST" name="applyDiscount" finished-at="2021-11-11T17:58:28 IST" duration-ms="2" status="PASS">
          <reporter-output>
          </reporter-output>
        </test-method> <!-- applyDiscount -->
        <test-method signature="makePayment(java.lang.String,org.testng.ITestContext)[pri:0, instance:testcases.PaymentManager@625732]" started-at="2021-11-11T17:58:28 IST" name="makePayment" finished-at="2021-11-11T17:58:28 IST" duration-ms="2" status="PASS">
          <params>
            <param index="0">
              <value>
                <![CDATA[pay@hotel]]>
              </value>
            </param>
            <param index="1">
              <value>
                <![CDATA[org.testng.TestRunner@6bbe85a8]]>
              </value>
            </param>
          </params>
          <reporter-output>
          </reporter-output>
        </test-method> <!-- makePayment -->
      </class> <!-- testcases.PaymentManager -->
      <class name="testcases.BookingSearch">
        <test-method signature="searchHotel()[pri:0, instance:testcases.BookingSearch@55536d9e]" started-at="2021-11-11T17:58:28 IST" name="searchHotel" finished-at="2021-11-11T17:58:28 IST" duration-ms="17" status="PASS">
          <reporter-output>
          </reporter-output>
        </test-method> <!-- searchHotel -->
        <test-method signature="selectHotel()[pri:0, instance:testcases.BookingSearch@55536d9e]" started-at="2021-11-11T17:58:28 IST" name="selectHotel" finished-at="2021-11-11T17:58:28 IST" duration-ms="1" status="PASS">
          <reporter-output>
          </reporter-output>
        </test-method> <!-- selectHotel -->
        <test-method signature="enterGuestInfo()[pri:0, instance:testcases.BookingSearch@55536d9e]" started-at="2021-11-11T17:58:28 IST" name="enterGuestInfo" finished-at="2021-11-11T17:58:28 IST" duration-ms="2" status="PASS">
          <reporter-output>
          </reporter-output>
        </test-method> <!-- enterGuestInfo -->
      </class> <!-- testcases.BookingSearch -->
      <class name="testcases.CostomerCommunications">
        <test-method signature="checkMail(org.testng.ITestContext)[pri:0, instance:testcases.CostomerCommunications@51dcb805]" started-at="2021-11-11T17:58:28 IST" name="checkMail" finished-at="2021-11-11T17:58:28 IST" duration-ms="2" status="PASS">
          <params>
            <param index="0">
              <value>
                <![CDATA[org.testng.TestRunner@6bbe85a8]]>
              </value>
            </param>
          </params>
          <reporter-output>
          </reporter-output>
        </test-method> <!-- checkMail -->
        <test-method signature="checkMobile(org.testng.ITestContext)[pri:0, instance:testcases.CostomerCommunications@51dcb805]" started-at="2021-11-11T17:58:28 IST" name="checkMobile" finished-at="2021-11-11T17:58:28 IST" duration-ms="2" status="PASS">
          <params>
            <param index="0">
              <value>
                <![CDATA[org.testng.TestRunner@6bbe85a8]]>
              </value>
            </param>
          </params>
          <reporter-output>
          </reporter-output>
        </test-method> <!-- checkMobile -->
      </class> <!-- testcases.CostomerCommunications -->
    </test> <!--  Create Booking Test - Apply Discount - pay at hotel -->
    <test started-at="2021-11-11T17:58:28 IST" name=" Create Booking Test - Apply Discount instant pay" finished-at="2021-11-11T17:58:28 IST" duration-ms="37">
      <class name="testcases.PaymentManager">
        <test-method signature="applyDiscount()[pri:0, instance:testcases.PaymentManager@3d6f0054]" started-at="2021-11-11T17:58:28 IST" name="applyDiscount" finished-at="2021-11-11T17:58:28 IST" duration-ms="2" status="PASS">
          <reporter-output>
          </reporter-output>
        </test-method> <!-- applyDiscount -->
        <test-method signature="makePayment(java.lang.String,org.testng.ITestContext)[pri:0, instance:testcases.PaymentManager@3d6f0054]" started-at="2021-11-11T17:58:28 IST" name="makePayment" finished-at="2021-11-11T17:58:28 IST" duration-ms="2" status="PASS">
          <params>
            <param index="0">
              <value>
                <![CDATA[instantpayment]]>
              </value>
            </param>
            <param index="1">
              <value>
                <![CDATA[org.testng.TestRunner@1972e513]]>
              </value>
            </param>
          </params>
          <reporter-output>
          </reporter-output>
        </test-method> <!-- makePayment -->
      </class> <!-- testcases.PaymentManager -->
      <class name="testcases.BookingSearch">
        <test-method signature="searchHotel()[pri:0, instance:testcases.BookingSearch@16a0ee18]" started-at="2021-11-11T17:58:28 IST" name="searchHotel" finished-at="2021-11-11T17:58:28 IST" duration-ms="3" status="PASS">
          <reporter-output>
          </reporter-output>
        </test-method> <!-- searchHotel -->
        <test-method signature="selectHotel()[pri:0, instance:testcases.BookingSearch@16a0ee18]" started-at="2021-11-11T17:58:28 IST" name="selectHotel" finished-at="2021-11-11T17:58:28 IST" duration-ms="2" status="PASS">
          <reporter-output>
          </reporter-output>
        </test-method> <!-- selectHotel -->
        <test-method signature="enterGuestInfo()[pri:0, instance:testcases.BookingSearch@16a0ee18]" started-at="2021-11-11T17:58:28 IST" name="enterGuestInfo" finished-at="2021-11-11T17:58:28 IST" duration-ms="3" status="PASS">
          <reporter-output>
          </reporter-output>
        </test-method> <!-- enterGuestInfo -->
      </class> <!-- testcases.BookingSearch -->
      <class name="testcases.CostomerCommunications">
        <test-method signature="checkMail(org.testng.ITestContext)[pri:0, instance:testcases.CostomerCommunications@505fc5a4]" started-at="2021-11-11T17:58:28 IST" name="checkMail" finished-at="2021-11-11T17:58:28 IST" duration-ms="2" status="PASS">
          <params>
            <param index="0">
              <value>
                <![CDATA[org.testng.TestRunner@1972e513]]>
              </value>
            </param>
          </params>
          <reporter-output>
          </reporter-output>
        </test-method> <!-- checkMail -->
        <test-method signature="checkMobile(org.testng.ITestContext)[pri:0, instance:testcases.CostomerCommunications@505fc5a4]" started-at="2021-11-11T17:58:28 IST" name="checkMobile" finished-at="2021-11-11T17:58:28 IST" duration-ms="2" status="PASS">
          <params>
            <param index="0">
              <value>
                <![CDATA[org.testng.TestRunner@1972e513]]>
              </value>
            </param>
          </params>
          <reporter-output>
          </reporter-output>
        </test-method> <!-- checkMobile -->
      </class> <!-- testcases.CostomerCommunications -->
    </test> <!--  Create Booking Test - Apply Discount instant pay -->
  </suite> <!-- Booking Suite -->
</testng-results>
